  [4;36;1mSQL (0.7ms)[0m   [0;1m SELECT name
 FROM sqlite_master
 WHERE type = 'table' AND NOT name = 'sqlite_sequence'
[0m
  [4;35;1mSQL (0.2ms)[0m   [0mselect sqlite_version(*)[0m
  [4;36;1mSQL (1.4ms)[0m   [0;1mCREATE TABLE "schema_migrations" ("version" varchar(255) NOT NULL) [0m
  [4;35;1mSQL (1.0ms)[0m   [0mCREATE UNIQUE INDEX "unique_schema_migrations" ON "schema_migrations" ("version")[0m
  [4;36;1mSQL (0.2ms)[0m   [0;1m SELECT name
 FROM sqlite_master
 WHERE type = 'table' AND NOT name = 'sqlite_sequence'
[0m
  [4;35;1mSQL (0.1ms)[0m   [0mSELECT version FROM schema_migrations[0m
Migrating to CreateFarms (20090929180916)
  [4;36;1mSQL (0.6ms)[0m   [0;1mCREATE TABLE "farms" ("id" INTEGER PRIMARY KEY AUTOINCREMENT NOT NULL, "name" varchar(255), "description" varchar(255), "ami_id" varchar(255), "enabled" boolean, "min" integer, "max" integer, "role_id" integer, "created_at" datetime, "updated_at" datetime) [0m
  [4;35;1mSQL (0.2ms)[0m   [0mINSERT INTO schema_migrations (version) VALUES ('20090929180916')[0m
Migrating to CreateRoles (20090929181104)
  [4;36;1mSQL (0.4ms)[0m   [0;1mCREATE TABLE "roles" ("id" INTEGER PRIMARY KEY AUTOINCREMENT NOT NULL, "name" varchar(255), "description" varchar(255), "recipes" varchar(255), "platform" varchar(255), "created_at" datetime, "updated_at" datetime) [0m
  [4;35;1mSQL (0.1ms)[0m   [0mINSERT INTO schema_migrations (version) VALUES ('20090929181104')[0m
Migrating to CreateInstances (20090929181338)
  [4;36;1mSQL (0.4ms)[0m   [0;1mCREATE TABLE "instances" ("id" INTEGER PRIMARY KEY AUTOINCREMENT NOT NULL, "instance_id" varchar(255), "cpu" decimal, "top" varchar(255), "state" varchar(255), "ec2_state" varchar(255), "farm_id" integer, "created_at" datetime, "updated_at" datetime) [0m
  [4;35;1mSQL (0.1ms)[0m   [0mINSERT INTO schema_migrations (version) VALUES ('20090929181338')[0m
Migrating to CreateUsers (20090929184112)
  [4;36;1mSQL (0.4ms)[0m   [0;1mCREATE TABLE "users" ("id" INTEGER PRIMARY KEY AUTOINCREMENT NOT NULL, "username" varchar(255), "email" varchar(255), "privilege" varchar(255), "password" varchar(255), "password_confirmation" varchar(255), "created_at" datetime, "updated_at" datetime) [0m
  [4;35;1mSQL (0.1ms)[0m   [0mINSERT INTO schema_migrations (version) VALUES ('20090929184112')[0m
  [4;36;1mSQL (0.5ms)[0m   [0;1m SELECT name
 FROM sqlite_master
 WHERE type = 'table' AND NOT name = 'sqlite_sequence'
[0m
  [4;35;1mSQL (0.3ms)[0m   [0mSELECT version FROM schema_migrations[0m
  [4;36;1mSQL (0.3ms)[0m   [0;1m SELECT name
 FROM sqlite_master
 WHERE type = 'table' AND NOT name = 'sqlite_sequence'
[0m
  [4;35;1mSQL (0.0ms)[0m   [0mPRAGMA index_list("farms")[0m
  [4;36;1mSQL (0.0ms)[0m   [0;1mPRAGMA index_list("instances")[0m
  [4;35;1mSQL (0.0ms)[0m   [0mPRAGMA index_list("roles")[0m
  [4;36;1mSQL (0.0ms)[0m   [0;1mPRAGMA index_list("users")[0m
  [4;36;1mSQL (0.4ms)[0m   [0;1mselect sqlite_version(*)[0m
  [4;35;1mSQL (0.7ms)[0m   [0m SELECT name
 FROM sqlite_master
 WHERE type = 'table' AND NOT name = 'sqlite_sequence'
[0m
  [4;36;1mSQL (0.3ms)[0m   [0;1mSELECT version FROM schema_migrations[0m
  [4;35;1mSQL (0.3ms)[0m   [0m SELECT name
 FROM sqlite_master
 WHERE type = 'table' AND NOT name = 'sqlite_sequence'
[0m
  [4;36;1mSQL (0.1ms)[0m   [0;1mPRAGMA index_list("farms")[0m
  [4;35;1mSQL (0.1ms)[0m   [0mPRAGMA index_list("instances")[0m
  [4;36;1mSQL (0.1ms)[0m   [0;1mPRAGMA index_list("roles")[0m
  [4;35;1mSQL (0.0ms)[0m   [0mPRAGMA index_list("users")[0m
  [4;36;1mSQL (0.2ms)[0m   [0;1mselect sqlite_version(*)[0m
  [4;35;1mSQL (0.6ms)[0m   [0m SELECT name
 FROM sqlite_master
 WHERE type = 'table' AND NOT name = 'sqlite_sequence'
[0m
  [4;36;1mSQL (1.5ms)[0m   [0;1mCREATE TABLE "farms" ("id" INTEGER PRIMARY KEY AUTOINCREMENT NOT NULL, "name" varchar(255), "description" varchar(255), "ami_id" varchar(255), "enabled" boolean, "min" integer, "max" integer, "role_id" integer, "created_at" datetime, "updated_at" datetime) [0m
  [4;35;1mSQL (0.2ms)[0m   [0m SELECT name
 FROM sqlite_master
 WHERE type = 'table' AND NOT name = 'sqlite_sequence'
[0m
  [4;36;1mSQL (15.7ms)[0m   [0;1mCREATE TABLE "instances" ("id" INTEGER PRIMARY KEY AUTOINCREMENT NOT NULL, "instance_id" varchar(255), "cpu" decimal, "top" varchar(255), "state" varchar(255), "ec2_state" varchar(255), "farm_id" integer, "created_at" datetime, "updated_at" datetime) [0m
  [4;35;1mSQL (0.2ms)[0m   [0m SELECT name
 FROM sqlite_master
 WHERE type = 'table' AND NOT name = 'sqlite_sequence'
[0m
  [4;36;1mSQL (1.2ms)[0m   [0;1mCREATE TABLE "roles" ("id" INTEGER PRIMARY KEY AUTOINCREMENT NOT NULL, "name" varchar(255), "description" varchar(255), "recipes" varchar(255), "platform" varchar(255), "created_at" datetime, "updated_at" datetime) [0m
  [4;35;1mSQL (0.3ms)[0m   [0m SELECT name
 FROM sqlite_master
 WHERE type = 'table' AND NOT name = 'sqlite_sequence'
[0m
  [4;36;1mSQL (3.7ms)[0m   [0;1mCREATE TABLE "users" ("id" INTEGER PRIMARY KEY AUTOINCREMENT NOT NULL, "username" varchar(255), "email" varchar(255), "privilege" varchar(255), "password" varchar(255), "password_confirmation" varchar(255), "created_at" datetime, "updated_at" datetime) [0m
  [4;35;1mSQL (0.3ms)[0m   [0m SELECT name
 FROM sqlite_master
 WHERE type = 'table' AND NOT name = 'sqlite_sequence'
[0m
  [4;36;1mSQL (1.2ms)[0m   [0;1mCREATE TABLE "schema_migrations" ("version" varchar(255) NOT NULL) [0m
  [4;35;1mSQL (1.2ms)[0m   [0mCREATE UNIQUE INDEX "unique_schema_migrations" ON "schema_migrations" ("version")[0m
  [4;36;1mSQL (0.3ms)[0m   [0;1m SELECT name
 FROM sqlite_master
 WHERE type = 'table' AND NOT name = 'sqlite_sequence'
[0m
  [4;35;1mSQL (0.1ms)[0m   [0mSELECT version FROM "schema_migrations"[0m
  [4;36;1mSQL (4.0ms)[0m   [0;1mINSERT INTO "schema_migrations" (version) VALUES ('20090929184112')[0m
  [4;35;1mSQL (1.2ms)[0m   [0mINSERT INTO "schema_migrations" (version) VALUES ('20090929180916')[0m
  [4;36;1mSQL (1.2ms)[0m   [0;1mINSERT INTO "schema_migrations" (version) VALUES ('20090929181104')[0m
  [4;35;1mSQL (1.2ms)[0m   [0mINSERT INTO "schema_migrations" (version) VALUES ('20090929181338')[0m


Processing FarmsController#index (for ::1 at 2009-09-29 15:52:18) [GET]
Filter chain halted as [:authenticate] rendered_or_redirected.
Completed in 4ms (View: 4, DB: 0) | 401 Unauthorized [http://localhost/farms]


Processing FarmsController#index (for ::1 at 2009-09-29 15:52:22) [GET]
  [4;36;1mFarm Load (1.0ms)[0m   [0;1mSELECT * FROM "farms" [0m
Rendering template within layouts/farms
Rendering farms/index
Completed in 59ms (View: 53, DB: 1) | 200 OK [http://localhost/farms]


Processing FarmsController#index (for ::1 at 2009-09-29 15:53:57) [GET]
  [4;36;1mFarm Load (0.9ms)[0m   [0;1mSELECT * FROM "farms" [0m
Rendering template within layouts/farms
Rendering farms/index
Completed in 28ms (View: 23, DB: 1) | 200 OK [http://localhost/farms]


Processing FarmsController#index (for ::1 at 2009-09-29 15:54:38) [GET]
Filter chain halted as [:authenticate] rendered_or_redirected.
Completed in 1ms (View: 1, DB: 0) | 401 Unauthorized [http://localhost/farms]


Processing FarmsController#index (for ::1 at 2009-09-29 16:01:03) [GET]
Filter chain halted as [:authenticate] rendered_or_redirected.
Completed in 5ms (View: 4, DB: 0) | 401 Unauthorized [http://localhost/farms]


Processing FarmsController#index (for ::1 at 2009-09-29 16:04:37) [GET]
Filter chain halted as [:authenticate] rendered_or_redirected.
Completed in 4ms (View: 3, DB: 0) | 401 Unauthorized [http://localhost/farms]


Processing FarmsController#index (for ::1 at 2009-09-29 16:04:41) [GET]
  [4;36;1mFarm Load (0.9ms)[0m   [0;1mSELECT * FROM "farms" [0m
Rendering template within layouts/farms
Rendering farms/index
Completed in 34ms (View: 28, DB: 1) | 200 OK [http://localhost/farms]
